0.6428 	WARNING 	We strongly recommend you activate the PTB sound engine in PsychoPy prefs as the preferred audio engine. Its timing is vastly superior. Your prefs are currently set to use ['sounddevice', 'PTB', 'pyo', 'pygame'] (in that order).
4.1013 	WARNING 	User requested fullscreen with size [2048 1280], but screen is actually [1920, 1080]. Using actual size
4.8182 	EXP 	Created window1 = Window(allowGUI=False, allowStencil=False, autoLog=True, backendConf=UNKNOWN, bitsMode=UNKNOWN, blendMode='avg', bpc=(8, 8, 8), color=array([1, 1, 1]), colorSpace='rgb', depthBits=8, fullscr=<method-wrapper '__getattribute__' of attributeSetter object at 0x7f80e96a0860>, gamma=None, gammaErrorPolicy='raise', lms=UNKNOWN, monitor=<psychopy.monitors.calibTools.Monitor object at 0x7f80ca76d1d0>, multiSample=False, name='window1', numSamples=2, pos=[0.0, 0.0], screen=0, size=array([1920, 1080]), stencilBits=0, stereo=False, units='height', useFBO=True, useRetina=False, viewOri=0.0, viewPos=None, viewScale=None, waitBlanking=True, winType='pyglet')
4.8184 	EXP 	window1: mouseVisible = True
4.8184 	EXP 	window1: recordFrameIntervals = False
4.9841 	EXP 	window1: recordFrameIntervals = True
5.1678 	EXP 	window1: recordFrameIntervals = False
7.0585 	EXP 	Created textWelcome = TextStim(__class__=<class 'psychopy.visual.text.TextStim'>, alignHoriz=method-wrapper(...), alignText='center', alignVert=method-wrapper(...), anchorHoriz='center', anchorVert='center', antialias=True, autoLog=True, bold=False, color=array([-1., -1., -1.]), colorSpace='rgb', contrast=1.0, depth=0.0, flipHoriz=False, flipVert=False, font='Open Sans', fontFiles=[], height=0.04, italic=False, languageStyle='LTR', name='textWelcome', opacity=1, ori=0, pos=array([0., 0.]), rgb=UNKNOWN, text='', units='height', win=Window(...), wrapWidth=1)
7.0586 	EXP 	window1: mouseVisible = True
7.0790 	EXP 	Created text = TextStim(__class__=<class 'psychopy.visual.text.TextStim'>, alignHoriz=method-wrapper(...), alignText='center', alignVert=method-wrapper(...), anchorHoriz='center', anchorVert='center', antialias=True, autoLog=True, bold=False, color=array([1., 1., 1.]), colorSpace='rgb', contrast=1.0, depth=0.0, flipHoriz=False, flipVert=False, font='Open Sans', fontFiles=[], height=0.1, italic=False, languageStyle='LTR', name='text', opacity=1, ori=0.0, pos=array([0., 0.]), rgb=UNKNOWN, text='', units='height', win=Window(...), wrapWidth=1)
7.0849 	EXP 	Created pic_cue = ImageStim(__class__=<class 'psychopy.visual.image.ImageStim'>, autoLog=True, color=array([1., 1., 1.]), colorSpace='rgb', contrast=1.0, depth=0.0, flipHoriz=False, flipVert=False, image='sin', interpolate=True, mask=None, maskParams=None, name='pic_cue', opacity=1, ori=0.0, pos=array([0. , 0.1]), size=array([0.39, 0.5 ]), texRes=128, units='height', win=Window(...))
7.0889 	EXP 	Created pic_left = ImageStim(__class__=<class 'psychopy.visual.image.ImageStim'>, autoLog=True, color=array([1., 1., 1.]), colorSpace='rgb', contrast=1.0, depth=-1.0, flipHoriz=False, flipVert=False, image='sin', interpolate=True, mask=None, maskParams=None, name='pic_left', opacity=1, ori=0.0, pos=array([-0.2, -0.3]), size=array([0.2, 0.2]), texRes=128, units='height', win=Window(...))
7.0937 	EXP 	Created pic_right = ImageStim(__class__=<class 'psychopy.visual.image.ImageStim'>, autoLog=True, color=array([1., 1., 1.]), colorSpace='rgb', contrast=1.0, depth=-2.0, flipHoriz=False, flipVert=False, image='sin', interpolate=True, mask=None, maskParams=None, name='pic_right', opacity=1, ori=0.0, pos=array([ 0.2, -0.3]), size=array([0.2, 0.2]), texRes=128, units='height', win=Window(...))
7.0938 	EXP 	window1: mouseVisible = True
7.0950 	EXP 	Created textFeedback = TextStim(__class__=<class 'psychopy.visual.text.TextStim'>, alignHoriz=method-wrapper(...), alignText='center', alignVert=method-wrapper(...), anchorHoriz='center', anchorVert='center', antialias=True, autoLog=True, bold=False, color=array([1., 1., 1.]), colorSpace='rgb', contrast=1.0, depth=-1.0, flipHoriz=False, flipVert=False, font='Open Sans', fontFiles=[], height=0.1, italic=False, languageStyle='LTR', name='textFeedback', opacity=1, ori=0.0, pos=array([0., 0.]), rgb=UNKNOWN, text='', units='height', win=Window(...), wrapWidth=1)
7.0963 	EXP 	Created text = TextStim(__class__=<class 'psychopy.visual.text.TextStim'>, alignHoriz=method-wrapper(...), alignText='center', alignVert=method-wrapper(...), anchorHoriz='center', anchorVert='center', antialias=True, autoLog=True, bold=False, color=array([1., 1., 1.]), colorSpace='rgb', contrast=1.0, depth=0.0, flipHoriz=False, flipVert=False, font='Open Sans', fontFiles=[], height=0.1, italic=False, languageStyle='LTR', name='text', opacity=1, ori=0.0, pos=array([0., 0.]), rgb=UNKNOWN, text='', units='height', win=Window(...), wrapWidth=1)
7.1108 	EXP 	Created textGoodbye = TextStim(__class__=<class 'psychopy.visual.text.TextStim'>, alignHoriz=method-wrapper(...), alignText='center', alignVert=method-wrapper(...), anchorHoriz='center', anchorVert='center', antialias=True, autoLog=True, bold=False, color=array([-1., -1., -1.]), colorSpace='rgb', contrast=1.0, depth=0.0, flipHoriz=False, flipVert=False, font='Open Sans', fontFiles=[], height=0.04, italic=False, languageStyle='LTR', name='textGoodbye', opacity=1, ori=0.0, pos=array([0., 0.]), rgb=UNKNOWN, text='Thank you for participating', units='height', win=Window(...), wrapWidth=1)
7.1109 	EXP 	window1: mouseVisible = True
7.1292 	EXP 	textWelcome: text = 'Welcome to the experiment\n\nCLICK to see the instructions'
7.1292 	EXP 	textWelcome: autoDraw = True
8.5840 	DATA 	Mouse: Left button down, pos=(625,1021)
8.6035 	EXP 	Imported condition.xlsx as conditions, 20 conditions, 7 params
8.6042 	EXP 	Created sequence: sequential, trialTypes=20, nReps=1, seed=None
8.6046 	EXP 	New trial (rep=0, index=0): {'cue': 'images/m1.jpg', 'stim_left': 'images/round.jpg', 'stim_right': 'images/squared.jpg', 'feedback': ['pic_right'], 'correct': ['pic_right'], 'is_valid': 'valid', 'trial_all': 1}
8.6074 	EXP 	textWelcome: autoDraw = False
8.6074 	EXP 	text: autoDraw = True
8.7039 	DATA 	Mouse:  Left button up, pos=(625,1021)
9.1494 	EXP 	text: autoDraw = False
9.1494 	EXP 	pic_cue: image = 'images/m1.jpg'
9.1494 	EXP 	pic_left: image = 'images/round.jpg'
9.1494 	EXP 	pic_right: image = 'images/squared.jpg'
9.1494 	EXP 	pic_cue: autoDraw = True
9.1494 	EXP 	pic_left: autoDraw = True
9.1494 	EXP 	pic_right: autoDraw = True
34.1691 	DATA 	Mouse: Left button down, pos=(738,259)
34.1828 	EXP 	pic_cue: autoDraw = False
34.1828 	EXP 	pic_left: autoDraw = False
34.1828 	EXP 	pic_right: autoDraw = False
34.1828 	EXP 	textFeedback: text = '-1'
34.1828 	EXP 	textFeedback: autoDraw = True
34.3036 	DATA 	Mouse:  Left button up, pos=(738,259)
36.1693 	EXP 	New trial (rep=0, index=1): {'cue': 'images/m1.jpg', 'stim_left': 'images/squared.jpg', 'stim_right': 'images/round.jpg', 'feedback': ['pic_left'], 'correct': ['pic_left'], 'is_valid': 'valid', 'trial_all': 2}
36.1828 	EXP 	textFeedback: autoDraw = False
36.1828 	EXP 	textFeedback: autoDraw = False
36.1828 	EXP 	text: autoDraw = True
36.7004 	EXP 	text: autoDraw = False
36.7004 	EXP 	text: autoDraw = False
36.7004 	EXP 	pic_cue: image = 'images/m1.jpg'
36.7004 	EXP 	pic_left: image = 'images/squared.jpg'
36.7004 	EXP 	pic_right: image = 'images/round.jpg'
36.7004 	EXP 	pic_cue: autoDraw = True
36.7004 	EXP 	pic_left: autoDraw = True
36.7004 	EXP 	pic_right: autoDraw = True
47.7193 	DATA 	Mouse: Left button down, pos=(1204,236)
47.7327 	EXP 	pic_cue: autoDraw = False
47.7327 	EXP 	pic_left: autoDraw = False
47.7327 	EXP 	pic_right: autoDraw = False
47.7327 	EXP 	textFeedback: text = '-1'
47.7327 	EXP 	textFeedback: autoDraw = True
47.8539 	DATA 	Mouse:  Left button up, pos=(1204,236)
49.7166 	EXP 	New trial (rep=0, index=2): {'cue': 'images/m1.jpg', 'stim_left': 'images/round.jpg', 'stim_right': 'images/squared.jpg', 'feedback': ['pic_right'], 'correct': ['pic_right'], 'is_valid': 'valid', 'trial_all': 3}
49.7345 	EXP 	textFeedback: autoDraw = False
49.7345 	EXP 	textFeedback: autoDraw = False
49.7345 	EXP 	text: autoDraw = True
50.2474 	EXP 	text: autoDraw = False
50.2474 	EXP 	text: autoDraw = False
50.2474 	EXP 	pic_cue: image = 'images/m1.jpg'
50.2474 	EXP 	pic_left: image = 'images/round.jpg'
50.2474 	EXP 	pic_right: image = 'images/squared.jpg'
50.2474 	EXP 	pic_cue: autoDraw = True
50.2474 	EXP 	pic_left: autoDraw = True
50.2474 	EXP 	pic_right: autoDraw = True
52.0853 	DATA 	Mouse: Left button down, pos=(1223,234)
52.0992 	EXP 	pic_cue: autoDraw = False
52.0992 	EXP 	pic_left: autoDraw = False
52.0992 	EXP 	pic_right: autoDraw = False
52.0992 	EXP 	textFeedback: text = '+1'
52.0992 	EXP 	textFeedback: autoDraw = True
52.2030 	DATA 	Mouse:  Left button up, pos=(1223,234)
54.0855 	EXP 	New trial (rep=0, index=3): {'cue': 'images/m1.jpg', 'stim_left': 'images/squared.jpg', 'stim_right': 'images/round.jpg', 'feedback': ['pic_left'], 'correct': ['pic_left'], 'is_valid': 'valid', 'trial_all': 4}
54.0996 	EXP 	textFeedback: autoDraw = False
54.0996 	EXP 	textFeedback: autoDraw = False
54.0996 	EXP 	text: autoDraw = True
54.6123 	EXP 	text: autoDraw = False
54.6123 	EXP 	text: autoDraw = False
54.6123 	EXP 	pic_cue: image = 'images/m1.jpg'
54.6123 	EXP 	pic_left: image = 'images/squared.jpg'
54.6123 	EXP 	pic_right: image = 'images/round.jpg'
54.6123 	EXP 	pic_cue: autoDraw = True
54.6123 	EXP 	pic_left: autoDraw = True
54.6123 	EXP 	pic_right: autoDraw = True
58.5848 	DATA 	Mouse: Left button down, pos=(745,251)
58.5993 	EXP 	pic_cue: autoDraw = False
58.5993 	EXP 	pic_left: autoDraw = False
58.5993 	EXP 	pic_right: autoDraw = False
58.5993 	EXP 	textFeedback: text = '+1'
58.5993 	EXP 	textFeedback: autoDraw = True
58.6869 	DATA 	Mouse:  Left button up, pos=(745,251)
60.5850 	EXP 	New trial (rep=0, index=4): {'cue': 'images/m1.jpg', 'stim_left': 'images/round.jpg', 'stim_right': 'images/squared.jpg', 'feedback': ['pic_right'], 'correct': ['pic_right'], 'is_valid': 'valid', 'trial_all': 5}
60.5994 	EXP 	textFeedback: autoDraw = False
60.5994 	EXP 	textFeedback: autoDraw = False
60.5994 	EXP 	text: autoDraw = True
61.1162 	EXP 	text: autoDraw = False
61.1162 	EXP 	text: autoDraw = False
61.1162 	EXP 	pic_cue: image = 'images/m1.jpg'
61.1162 	EXP 	pic_left: image = 'images/round.jpg'
61.1162 	EXP 	pic_right: image = 'images/squared.jpg'
61.1162 	EXP 	pic_cue: autoDraw = True
61.1162 	EXP 	pic_left: autoDraw = True
61.1162 	EXP 	pic_right: autoDraw = True
62.9669 	DATA 	Mouse: Left button down, pos=(1104,267)
62.9822 	EXP 	pic_cue: autoDraw = False
62.9822 	EXP 	pic_left: autoDraw = False
62.9822 	EXP 	pic_right: autoDraw = False
62.9822 	EXP 	textFeedback: text = '+1'
62.9822 	EXP 	textFeedback: autoDraw = True
63.1037 	DATA 	Mouse:  Left button up, pos=(1104,267)
64.9671 	EXP 	New trial (rep=0, index=5): {'cue': 'images/m1.jpg', 'stim_left': 'images/round.jpg', 'stim_right': 'images/squared.jpg', 'feedback': ['pic_left'], 'correct': ['pic_right'], 'is_valid': 'invalid', 'trial_all': 6}
64.9827 	EXP 	textFeedback: autoDraw = False
64.9827 	EXP 	textFeedback: autoDraw = False
64.9827 	EXP 	text: autoDraw = True
65.4915 	EXP 	text: autoDraw = False
65.4915 	EXP 	text: autoDraw = False
65.4915 	EXP 	pic_cue: image = 'images/m1.jpg'
65.4915 	EXP 	pic_left: image = 'images/round.jpg'
65.4915 	EXP 	pic_right: image = 'images/squared.jpg'
65.4915 	EXP 	pic_cue: autoDraw = True
65.4915 	EXP 	pic_left: autoDraw = True
65.4915 	EXP 	pic_right: autoDraw = True
66.9018 	DATA 	Mouse: Left button down, pos=(1127,260)
66.9159 	EXP 	pic_cue: autoDraw = False
66.9159 	EXP 	pic_left: autoDraw = False
66.9159 	EXP 	pic_right: autoDraw = False
66.9159 	EXP 	textFeedback: text = '-1'
66.9159 	EXP 	textFeedback: autoDraw = True
67.0186 	DATA 	Mouse:  Left button up, pos=(1127,260)
68.9021 	EXP 	New trial (rep=0, index=6): {'cue': 'images/m1.jpg', 'stim_left': 'images/squared.jpg', 'stim_right': 'images/round.jpg', 'feedback': ['pic_left'], 'correct': ['pic_left'], 'is_valid': 'valid', 'trial_all': 7}
68.9162 	EXP 	textFeedback: autoDraw = False
68.9162 	EXP 	textFeedback: autoDraw = False
68.9162 	EXP 	text: autoDraw = True
69.4321 	EXP 	text: autoDraw = False
69.4321 	EXP 	text: autoDraw = False
69.4321 	EXP 	pic_cue: image = 'images/m1.jpg'
69.4321 	EXP 	pic_left: image = 'images/squared.jpg'
69.4321 	EXP 	pic_right: image = 'images/round.jpg'
69.4321 	EXP 	pic_cue: autoDraw = True
69.4321 	EXP 	pic_left: autoDraw = True
69.4321 	EXP 	pic_right: autoDraw = True
84.1349 	DATA 	Mouse: Left button down, pos=(1108,237)
84.1489 	EXP 	pic_cue: autoDraw = False
84.1489 	EXP 	pic_left: autoDraw = False
84.1489 	EXP 	pic_right: autoDraw = False
84.1489 	EXP 	textFeedback: text = '-1'
84.1489 	EXP 	textFeedback: autoDraw = True
84.2362 	DATA 	Mouse:  Left button up, pos=(1108,237)
86.1352 	EXP 	New trial (rep=0, index=7): {'cue': 'images/m1.jpg', 'stim_left': 'images/round.jpg', 'stim_right': 'images/squared.jpg', 'feedback': ['pic_right'], 'correct': ['pic_right'], 'is_valid': 'valid', 'trial_all': 8}
86.1494 	EXP 	textFeedback: autoDraw = False
86.1494 	EXP 	textFeedback: autoDraw = False
86.1494 	EXP 	text: autoDraw = True
86.6662 	EXP 	text: autoDraw = False
86.6662 	EXP 	text: autoDraw = False
86.6662 	EXP 	pic_cue: image = 'images/m1.jpg'
86.6662 	EXP 	pic_left: image = 'images/round.jpg'
86.6662 	EXP 	pic_right: image = 'images/squared.jpg'
86.6662 	EXP 	pic_cue: autoDraw = True
86.6662 	EXP 	pic_left: autoDraw = True
86.6662 	EXP 	pic_right: autoDraw = True
90.1175 	DATA 	Mouse: Left button down, pos=(1127,230)
90.1482 	EXP 	pic_cue: autoDraw = False
90.1482 	EXP 	pic_left: autoDraw = False
90.1482 	EXP 	pic_right: autoDraw = False
90.1482 	EXP 	textFeedback: text = '+1'
90.1482 	EXP 	textFeedback: autoDraw = True
90.2365 	DATA 	Mouse:  Left button up, pos=(1127,230)
92.1351 	EXP 	New trial (rep=0, index=8): {'cue': 'images/m1.jpg', 'stim_left': 'images/squared.jpg', 'stim_right': 'images/round.jpg', 'feedback': ['pic_right'], 'correct': ['pic_left'], 'is_valid': 'invalid', 'trial_all': 9}
92.1492 	EXP 	textFeedback: autoDraw = False
92.1492 	EXP 	textFeedback: autoDraw = False
92.1492 	EXP 	text: autoDraw = True
92.6816 	EXP 	text: autoDraw = False
92.6816 	EXP 	pic_cue: image = 'images/m1.jpg'
92.6816 	EXP 	pic_left: image = 'images/squared.jpg'
92.6816 	EXP 	pic_right: image = 'images/round.jpg'
92.6816 	EXP 	pic_cue: autoDraw = True
92.6816 	EXP 	pic_left: autoDraw = True
92.6816 	EXP 	pic_right: autoDraw = True
93.7663 	DATA 	Mouse: Left button down, pos=(783,229)
93.7817 	EXP 	pic_cue: autoDraw = False
93.7817 	EXP 	pic_left: autoDraw = False
93.7817 	EXP 	pic_right: autoDraw = False
93.7817 	EXP 	textFeedback: text = '-1'
93.7817 	EXP 	textFeedback: autoDraw = True
93.8679 	DATA 	Mouse:  Left button up, pos=(783,229)
95.7691 	EXP 	New trial (rep=0, index=9): {'cue': 'images/m1.jpg', 'stim_left': 'images/squared.jpg', 'stim_right': 'images/round.jpg', 'feedback': ['pic_left'], 'correct': ['pic_left'], 'is_valid': 'valid', 'trial_all': 10}
95.7821 	EXP 	textFeedback: autoDraw = False
95.7821 	EXP 	textFeedback: autoDraw = False
95.7821 	EXP 	text: autoDraw = True
96.2984 	EXP 	text: autoDraw = False
96.2984 	EXP 	text: autoDraw = False
96.2984 	EXP 	pic_cue: image = 'images/m1.jpg'
96.2984 	EXP 	pic_left: image = 'images/squared.jpg'
96.2984 	EXP 	pic_right: image = 'images/round.jpg'
96.2984 	EXP 	pic_cue: autoDraw = True
96.2984 	EXP 	pic_left: autoDraw = True
96.2984 	EXP 	pic_right: autoDraw = True
101.2352 	DATA 	Mouse: Left button down, pos=(776,241)
101.2482 	EXP 	pic_cue: autoDraw = False
101.2482 	EXP 	pic_left: autoDraw = False
101.2482 	EXP 	pic_right: autoDraw = False
101.2482 	EXP 	textFeedback: text = '+1'
101.2482 	EXP 	textFeedback: autoDraw = True
101.4032 	DATA 	Mouse:  Left button up, pos=(776,241)
103.2347 	EXP 	New trial (rep=0, index=10): {'cue': 'images/m1.jpg', 'stim_left': 'images/round.jpg', 'stim_right': 'images/squared.jpg', 'feedback': ['pic_left'], 'correct': ['pic_left'], 'is_valid': 'valid', 'trial_all': 11}
103.2492 	EXP 	textFeedback: autoDraw = False
103.2492 	EXP 	textFeedback: autoDraw = False
103.2492 	EXP 	text: autoDraw = True
103.7619 	EXP 	text: autoDraw = False
103.7619 	EXP 	text: autoDraw = False
103.7619 	EXP 	pic_cue: image = 'images/m1.jpg'
103.7619 	EXP 	pic_left: image = 'images/round.jpg'
103.7619 	EXP 	pic_right: image = 'images/squared.jpg'
103.7619 	EXP 	pic_cue: autoDraw = True
103.7619 	EXP 	pic_left: autoDraw = True
103.7619 	EXP 	pic_right: autoDraw = True
104.9514 	DATA 	Mouse: Left button down, pos=(1140,241)
104.9651 	EXP 	pic_cue: autoDraw = False
104.9651 	EXP 	pic_left: autoDraw = False
104.9651 	EXP 	pic_right: autoDraw = False
104.9651 	EXP 	textFeedback: text = '-1'
104.9651 	EXP 	textFeedback: autoDraw = True
105.0361 	DATA 	Mouse:  Left button up, pos=(1140,241)
106.9499 	EXP 	New trial (rep=0, index=11): {'cue': 'images/m1.jpg', 'stim_left': 'images/round.jpg', 'stim_right': 'images/squared.jpg', 'feedback': ['pic_right'], 'correct': ['pic_left'], 'is_valid': 'invalid', 'trial_all': 12}
106.9671 	EXP 	textFeedback: autoDraw = False
106.9671 	EXP 	textFeedback: autoDraw = False
106.9671 	EXP 	text: autoDraw = True
107.4787 	EXP 	text: autoDraw = False
107.4787 	EXP 	text: autoDraw = False
107.4787 	EXP 	pic_cue: image = 'images/m1.jpg'
107.4787 	EXP 	pic_left: image = 'images/round.jpg'
107.4787 	EXP 	pic_right: image = 'images/squared.jpg'
107.4787 	EXP 	pic_cue: autoDraw = True
107.4787 	EXP 	pic_left: autoDraw = True
107.4787 	EXP 	pic_right: autoDraw = True
108.8492 	DATA 	Mouse: Left button down, pos=(1140,241)
108.8652 	EXP 	pic_cue: autoDraw = False
108.8652 	EXP 	pic_left: autoDraw = False
108.8652 	EXP 	pic_right: autoDraw = False
108.8652 	EXP 	textFeedback: text = '+1'
108.8652 	EXP 	textFeedback: autoDraw = True
108.9531 	DATA 	Mouse:  Left button up, pos=(1140,241)
110.8500 	EXP 	New trial (rep=0, index=12): {'cue': 'images/m1.jpg', 'stim_left': 'images/round.jpg', 'stim_right': 'images/squared.jpg', 'feedback': ['pic_left'], 'correct': ['pic_left'], 'is_valid': 'valid', 'trial_all': 13}
110.8672 	EXP 	textFeedback: autoDraw = False
110.8672 	EXP 	textFeedback: autoDraw = False
110.8672 	EXP 	text: autoDraw = True
111.3952 	EXP 	text: autoDraw = False
111.3952 	EXP 	pic_cue: image = 'images/m1.jpg'
111.3952 	EXP 	pic_left: image = 'images/round.jpg'
111.3952 	EXP 	pic_right: image = 'images/squared.jpg'
111.3952 	EXP 	pic_cue: autoDraw = True
111.3952 	EXP 	pic_left: autoDraw = True
111.3952 	EXP 	pic_right: autoDraw = True
112.6345 	DATA 	Mouse: Left button down, pos=(1182,230)
112.6481 	EXP 	pic_cue: autoDraw = False
112.6481 	EXP 	pic_left: autoDraw = False
112.6481 	EXP 	pic_right: autoDraw = False
112.6481 	EXP 	textFeedback: text = '-1'
112.6481 	EXP 	textFeedback: autoDraw = True
112.7347 	DATA 	Mouse:  Left button up, pos=(1182,230)
114.6330 	EXP 	New trial (rep=0, index=13): {'cue': 'images/m1.jpg', 'stim_left': 'images/squared.jpg', 'stim_right': 'images/round.jpg', 'feedback': ['pic_right'], 'correct': ['pic_right'], 'is_valid': 'valid', 'trial_all': 14}
114.6502 	EXP 	textFeedback: autoDraw = False
114.6502 	EXP 	textFeedback: autoDraw = False
114.6502 	EXP 	text: autoDraw = True
115.1809 	EXP 	text: autoDraw = False
115.1809 	EXP 	pic_cue: image = 'images/m1.jpg'
115.1809 	EXP 	pic_left: image = 'images/squared.jpg'
115.1809 	EXP 	pic_right: image = 'images/round.jpg'
115.1809 	EXP 	pic_cue: autoDraw = True
115.1809 	EXP 	pic_left: autoDraw = True
115.1809 	EXP 	pic_right: autoDraw = True
116.1182 	DATA 	Mouse: Left button down, pos=(674,228)
116.1322 	EXP 	pic_cue: autoDraw = False
116.1322 	EXP 	pic_left: autoDraw = False
116.1322 	EXP 	pic_right: autoDraw = False
116.1322 	EXP 	textFeedback: text = '-1'
116.1322 	EXP 	textFeedback: autoDraw = True
116.2179 	DATA 	Mouse:  Left button up, pos=(674,228)
118.1182 	EXP 	New trial (rep=0, index=14): {'cue': 'images/m1.jpg', 'stim_left': 'images/round.jpg', 'stim_right': 'images/squared.jpg', 'feedback': ['pic_left'], 'correct': ['pic_left'], 'is_valid': 'valid', 'trial_all': 15}
118.1323 	EXP 	textFeedback: autoDraw = False
118.1323 	EXP 	textFeedback: autoDraw = False
118.1323 	EXP 	text: autoDraw = True
118.6472 	EXP 	text: autoDraw = False
118.6472 	EXP 	text: autoDraw = False
118.6472 	EXP 	pic_cue: image = 'images/m1.jpg'
118.6472 	EXP 	pic_left: image = 'images/round.jpg'
118.6472 	EXP 	pic_right: image = 'images/squared.jpg'
118.6472 	EXP 	pic_cue: autoDraw = True
118.6472 	EXP 	pic_left: autoDraw = True
118.6472 	EXP 	pic_right: autoDraw = True
129.4177 	DATA 	Mouse: Left button down, pos=(1104,231)
129.4318 	EXP 	pic_cue: autoDraw = False
129.4318 	EXP 	pic_left: autoDraw = False
129.4318 	EXP 	pic_right: autoDraw = False
129.4318 	EXP 	textFeedback: text = '-1'
129.4318 	EXP 	textFeedback: autoDraw = True
129.5361 	DATA 	Mouse:  Left button up, pos=(1104,231)
131.4151 	EXP 	New trial (rep=0, index=15): {'cue': 'images/m1.jpg', 'stim_left': 'images/squared.jpg', 'stim_right': 'images/round.jpg', 'feedback': ['pic_right'], 'correct': ['pic_right'], 'is_valid': 'valid', 'trial_all': 16}
131.4336 	EXP 	textFeedback: autoDraw = False
131.4336 	EXP 	textFeedback: autoDraw = False
131.4336 	EXP 	text: autoDraw = True
131.9489 	EXP 	text: autoDraw = False
131.9489 	EXP 	text: autoDraw = False
131.9489 	EXP 	pic_cue: image = 'images/m1.jpg'
131.9489 	EXP 	pic_left: image = 'images/squared.jpg'
131.9489 	EXP 	pic_right: image = 'images/round.jpg'
131.9489 	EXP 	pic_cue: autoDraw = True
131.9489 	EXP 	pic_left: autoDraw = True
131.9489 	EXP 	pic_right: autoDraw = True
134.2513 	DATA 	Mouse: Left button down, pos=(1099,227)
134.2643 	EXP 	pic_cue: autoDraw = False
134.2643 	EXP 	pic_left: autoDraw = False
134.2643 	EXP 	pic_right: autoDraw = False
134.2643 	EXP 	textFeedback: text = '+1'
134.2643 	EXP 	textFeedback: autoDraw = True
134.3529 	DATA 	Mouse:  Left button up, pos=(1099,227)
136.2494 	EXP 	New trial (rep=0, index=16): {'cue': 'images/m1.jpg', 'stim_left': 'images/squared.jpg', 'stim_right': 'images/round.jpg', 'feedback': ['pic_right'], 'correct': ['pic_right'], 'is_valid': 'valid', 'trial_all': 17}
136.2669 	EXP 	textFeedback: autoDraw = False
136.2669 	EXP 	textFeedback: autoDraw = False
136.2669 	EXP 	text: autoDraw = True
136.7800 	EXP 	text: autoDraw = False
136.7800 	EXP 	text: autoDraw = False
136.7800 	EXP 	pic_cue: image = 'images/m1.jpg'
136.7800 	EXP 	pic_left: image = 'images/squared.jpg'
136.7800 	EXP 	pic_right: image = 'images/round.jpg'
136.7800 	EXP 	pic_cue: autoDraw = True
136.7800 	EXP 	pic_left: autoDraw = True
136.7800 	EXP 	pic_right: autoDraw = True
138.3189 	DATA 	Mouse: Left button down, pos=(1099,227)
138.3311 	EXP 	pic_cue: autoDraw = False
138.3311 	EXP 	pic_left: autoDraw = False
138.3311 	EXP 	pic_right: autoDraw = False
138.3311 	EXP 	textFeedback: text = '+1'
138.3311 	EXP 	textFeedback: autoDraw = True
138.4174 	DATA 	Mouse:  Left button up, pos=(1099,227)
140.3180 	EXP 	New trial (rep=0, index=17): {'cue': 'images/m1.jpg', 'stim_left': 'images/squared.jpg', 'stim_right': 'images/round.jpg', 'feedback': ['pic_left'], 'correct': ['pic_right'], 'is_valid': 'invalid', 'trial_all': 18}
140.3321 	EXP 	textFeedback: autoDraw = False
140.3321 	EXP 	textFeedback: autoDraw = False
140.3321 	EXP 	text: autoDraw = True
140.8446 	EXP 	text: autoDraw = False
140.8446 	EXP 	text: autoDraw = False
140.8446 	EXP 	pic_cue: image = 'images/m1.jpg'
140.8446 	EXP 	pic_left: image = 'images/squared.jpg'
140.8446 	EXP 	pic_right: image = 'images/round.jpg'
140.8446 	EXP 	pic_cue: autoDraw = True
140.8446 	EXP 	pic_left: autoDraw = True
140.8446 	EXP 	pic_right: autoDraw = True
141.5162 	DATA 	Mouse: Left button down, pos=(1099,227)
141.5320 	EXP 	pic_cue: autoDraw = False
141.5320 	EXP 	pic_left: autoDraw = False
141.5320 	EXP 	pic_right: autoDraw = False
141.5320 	EXP 	textFeedback: text = '-1'
141.5320 	EXP 	textFeedback: autoDraw = True
141.6360 	DATA 	Mouse:  Left button up, pos=(1099,227)
143.5180 	EXP 	New trial (rep=0, index=18): {'cue': 'images/m1.jpg', 'stim_left': 'images/squared.jpg', 'stim_right': 'images/round.jpg', 'feedback': ['pic_right'], 'correct': ['pic_right'], 'is_valid': 'valid', 'trial_all': 19}
143.5321 	EXP 	textFeedback: autoDraw = False
143.5321 	EXP 	textFeedback: autoDraw = False
143.5321 	EXP 	text: autoDraw = True
144.0456 	EXP 	text: autoDraw = False
144.0456 	EXP 	text: autoDraw = False
144.0456 	EXP 	pic_cue: image = 'images/m1.jpg'
144.0456 	EXP 	pic_left: image = 'images/squared.jpg'
144.0456 	EXP 	pic_right: image = 'images/round.jpg'
144.0456 	EXP 	pic_cue: autoDraw = True
144.0456 	EXP 	pic_left: autoDraw = True
144.0456 	EXP 	pic_right: autoDraw = True
144.5163 	DATA 	Mouse: Left button down, pos=(1099,227)
144.5314 	EXP 	pic_cue: autoDraw = False
144.5314 	EXP 	pic_left: autoDraw = False
144.5314 	EXP 	pic_right: autoDraw = False
144.5314 	EXP 	textFeedback: text = '+1'
144.5314 	EXP 	textFeedback: autoDraw = True
144.6347 	DATA 	Mouse:  Left button up, pos=(1099,227)
146.5162 	EXP 	New trial (rep=0, index=19): {'cue': 'images/m1.jpg', 'stim_left': 'images/round.jpg', 'stim_right': 'images/squared.jpg', 'feedback': ['pic_left'], 'correct': ['pic_left'], 'is_valid': 'valid', 'trial_all': 20}
146.5337 	EXP 	textFeedback: autoDraw = False
146.5337 	EXP 	textFeedback: autoDraw = False
146.5337 	EXP 	text: autoDraw = True
147.0650 	EXP 	text: autoDraw = False
147.0650 	EXP 	pic_cue: image = 'images/m1.jpg'
147.0650 	EXP 	pic_left: image = 'images/round.jpg'
147.0650 	EXP 	pic_right: image = 'images/squared.jpg'
147.0650 	EXP 	pic_cue: autoDraw = True
147.0650 	EXP 	pic_left: autoDraw = True
147.0650 	EXP 	pic_right: autoDraw = True
148.2321 	DATA 	Mouse: Left button down, pos=(792,297)
148.2484 	EXP 	pic_cue: autoDraw = False
148.2484 	EXP 	pic_left: autoDraw = False
148.2484 	EXP 	pic_right: autoDraw = False
148.2484 	EXP 	textFeedback: text = '+1'
148.2484 	EXP 	textFeedback: autoDraw = True
148.3330 	DATA 	Mouse:  Left button up, pos=(792,297)
150.2486 	EXP 	textFeedback: autoDraw = False
150.2486 	EXP 	textFeedback: autoDraw = False
150.2486 	EXP 	text: autoDraw = True
150.7483 	EXP 	text: autoDraw = False
150.7483 	EXP 	text: autoDraw = False
150.7483 	EXP 	textGoodbye: autoDraw = True
158.3013 	DATA 	Keypress: escape
158.6283 	EXP 	window1: mouseVisible = True
